<?xml version="1.0" encoding="UTF-8"?>
<coverage generated="1737543587">
  <project timestamp="1737543587">
    <package name="SeoAnalyzer">
      <file name="/Volumes/projects/seo-analyzer/src/Analyzer.php">
        <class name="SeoAnalyzer\Analyzer" namespace="SeoAnalyzer">
          <metrics complexity="26" methods="10" coveredmethods="9" conditionals="0" coveredconditionals="0" statements="62" coveredstatements="56" elements="72" coveredelements="65"/>
        </class>
        <line num="27" type="method" name="__construct" visibility="public" complexity="3" crap="3" count="70"/>
        <line num="29" type="stmt" count="70"/>
        <line num="30" type="stmt" count="64"/>
        <line num="33" type="stmt" count="70"/>
        <line num="34" type="stmt" count="6"/>
        <line num="45" type="method" name="analyzeUrl" visibility="public" complexity="7" crap="7" count="4"/>
        <line num="47" type="stmt" count="4"/>
        <line num="48" type="stmt" count="1"/>
        <line num="50" type="stmt" count="4"/>
        <line num="51" type="stmt" count="3"/>
        <line num="52" type="stmt" count="2"/>
        <line num="55" type="stmt" count="3"/>
        <line num="64" type="method" name="analyzeFile" visibility="public" complexity="1" crap="1" count="1"/>
        <line num="66" type="stmt" count="1"/>
        <line num="67" type="stmt" count="1"/>
        <line num="69" type="stmt" count="1"/>
        <line num="78" type="method" name="analyzeHtml" visibility="public" complexity="1" crap="1" count="1"/>
        <line num="80" type="stmt" count="1"/>
        <line num="81" type="stmt" count="1"/>
        <line num="83" type="stmt" count="1"/>
        <line num="92" type="method" name="analyze" visibility="public" complexity="5" crap="5" count="11"/>
        <line num="94" type="stmt" count="11"/>
        <line num="95" type="stmt" count="1"/>
        <line num="97" type="stmt" count="10"/>
        <line num="98" type="stmt" count="10"/>
        <line num="100" type="stmt" count="10"/>
        <line num="101" type="stmt" count="10"/>
        <line num="102" type="stmt" count="10"/>
        <line num="103" type="stmt" count="10"/>
        <line num="107" type="stmt" count="10"/>
        <line num="115" type="method" name="getMetrics" visibility="public" complexity="1" crap="1" count="11"/>
        <line num="117" type="stmt" count="11"/>
        <line num="125" type="method" name="getFilesMetrics" visibility="public" complexity="1" crap="1" count="11"/>
        <line num="127" type="stmt" count="11"/>
        <line num="128" type="stmt" count="11"/>
        <line num="129" type="stmt" count="11"/>
        <line num="130" type="stmt" count="11"/>
        <line num="131" type="stmt" count="11"/>
        <line num="132" type="stmt" count="11"/>
        <line num="133" type="stmt" count="11"/>
        <line num="134" type="stmt" count="11"/>
        <line num="135" type="stmt" count="11"/>
        <line num="136" type="stmt" count="11"/>
        <line num="145" type="method" name="getFileContent" visibility="protected" complexity="3" crap="4.94" count="11"/>
        <line num="147" type="stmt" count="11"/>
        <line num="148" type="stmt" count="11"/>
        <line num="149" type="stmt" count="11"/>
        <line num="150" type="stmt" count="11"/>
        <line num="154" type="stmt" count="0"/>
        <line num="155" type="stmt" count="0"/>
        <line num="156" type="stmt" count="0"/>
        <line num="157" type="stmt" count="0"/>
        <line num="159" type="stmt" count="0"/>
        <line num="161" type="stmt" count="0"/>
        <line num="167" type="method" name="setUpTranslator" visibility="public" complexity="2" crap="2" count="67"/>
        <line num="169" type="stmt" count="67"/>
        <line num="170" type="stmt" count="67"/>
        <line num="171" type="stmt" count="67"/>
        <line num="172" type="stmt" count="67"/>
        <line num="173" type="stmt" count="67"/>
        <line num="174" type="stmt" count="67"/>
        <line num="175" type="stmt" count="67"/>
        <line num="183" type="method" name="formatResults" visibility="protected" complexity="2" crap="2" count="10"/>
        <line num="185" type="stmt" count="10"/>
        <line num="186" type="stmt" count="10"/>
        <line num="189" type="stmt" count="10"/>
        <line num="190" type="stmt" count="10"/>
        <line num="191" type="stmt" count="10"/>
        <line num="192" type="stmt" count="10"/>
        <line num="193" type="stmt" count="10"/>
        <line num="194" type="stmt" count="10"/>
        <line num="195" type="stmt" count="10"/>
        <metrics loc="198" ncloc="150" classes="1" methods="10" coveredmethods="9" conditionals="0" coveredconditionals="0" statements="62" coveredstatements="56" elements="72" coveredelements="65"/>
      </file>
      <file name="/Volumes/projects/seo-analyzer/src/Cache.php">
        <class name="SeoAnalyzer\Cache" namespace="SeoAnalyzer">
          <metrics complexity="13" methods="4" coveredmethods="2" conditionals="0" coveredconditionals="0" statements="22" coveredstatements="16" elements="26" coveredelements="18"/>
        </class>
        <line num="19" type="method" name="__construct" visibility="public" complexity="4" crap="4" count="15"/>
        <line num="21" type="stmt" count="15"/>
        <line num="22" type="stmt" count="15"/>
        <line num="23" type="stmt" count="15"/>
        <line num="25" type="stmt" count="15"/>
        <line num="34" type="method" name="remember" visibility="public" complexity="3" crap="3" count="7"/>
        <line num="36" type="stmt" count="7"/>
        <line num="37" type="stmt" count="7"/>
        <line num="38" type="stmt" count="6"/>
        <line num="39" type="stmt" count="5"/>
        <line num="40" type="stmt" count="5"/>
        <line num="44" type="stmt" count="6"/>
        <line num="52" type="method" name="get" visibility="public" complexity="4" crap="5.40" count="15"/>
        <line num="54" type="stmt" count="15"/>
        <line num="57" type="stmt" count="15"/>
        <line num="58" type="stmt" count="0"/>
        <line num="59" type="stmt" count="0"/>
        <line num="61" type="stmt" count="15"/>
        <line num="63" type="stmt" count="14"/>
        <line num="64" type="stmt" count="0"/>
        <line num="65" type="stmt" count="0"/>
        <line num="69" type="stmt" count="15"/>
        <line num="78" type="method" name="set" visibility="public" complexity="2" crap="3.19" count="5"/>
        <line num="81" type="stmt" count="5"/>
        <line num="82" type="stmt" count="0"/>
        <line num="83" type="stmt" count="0"/>
        <metrics loc="87" ncloc="67" classes="1" methods="4" coveredmethods="2" conditionals="0" coveredconditionals="0" statements="22" coveredstatements="16" elements="26" coveredelements="18"/>
      </file>
      <file name="/Volumes/projects/seo-analyzer/src/Factor.php">
        <class name="SeoAnalyzer\Factor" namespace="SeoAnalyzer">
          <metrics complexity="0" methods="0" coveredmethods="0" conditionals="0" coveredconditionals="0" statements="0" coveredstatements="0" elements="0" coveredelements="0"/>
        </class>
        <metrics loc="55" ncloc="55" classes="0" methods="0" coveredmethods="0" conditionals="0" coveredconditionals="0" statements="0" coveredstatements="0" elements="0" coveredelements="0"/>
      </file>
      <file name="/Volumes/projects/seo-analyzer/src/Page.php">
        <class name="SeoAnalyzer\Page" namespace="SeoAnalyzer">
          <metrics complexity="51" methods="18" coveredmethods="14" conditionals="0" coveredconditionals="0" statements="160" coveredstatements="145" elements="178" coveredelements="159"/>
        </class>
        <line num="75" type="method" name="__construct" visibility="public" complexity="6" crap="6" count="14"/>
        <line num="81" type="stmt" count="14"/>
        <line num="82" type="stmt" count="14"/>
        <line num="83" type="stmt" count="14"/>
        <line num="84" type="stmt" count="14"/>
        <line num="85" type="stmt" count="2"/>
        <line num="87" type="stmt" count="14"/>
        <line num="88" type="stmt" count="12"/>
        <line num="90" type="stmt" count="14"/>
        <line num="91" type="stmt" count="14"/>
        <line num="92" type="stmt" count="5"/>
        <line num="93" type="stmt" count="5"/>
        <line num="102" type="method" name="setUpUrl" visibility="protected" complexity="3" crap="3" count="5"/>
        <line num="104" type="stmt" count="5"/>
        <line num="105" type="stmt" count="5"/>
        <line num="106" type="stmt" count="1"/>
        <line num="107" type="stmt" count="1"/>
        <line num="109" type="stmt" count="5"/>
        <line num="111" type="stmt" count="5"/>
        <line num="112" type="stmt" count="1"/>
        <line num="114" type="stmt" count="5"/>
        <line num="115" type="stmt" count="5"/>
        <line num="116" type="stmt" count="5"/>
        <line num="117" type="stmt" count="5"/>
        <line num="119" type="stmt" count="5"/>
        <line num="125" type="method" name="setConfig" visibility="public" complexity="3" crap="3" count="14"/>
        <line num="127" type="stmt" count="14"/>
        <line num="128" type="stmt" count="14"/>
        <line num="129" type="stmt" count="14"/>
        <line num="130" type="stmt" count="14"/>
        <line num="139" type="method" name="getContent" visibility="public" complexity="3" crap="3.04" count="6"/>
        <line num="141" type="stmt" count="6"/>
        <line num="142" type="stmt" count="5"/>
        <line num="143" type="stmt" count="5"/>
        <line num="144" type="stmt" count="5"/>
        <line num="145" type="stmt" count="5"/>
        <line num="146" type="stmt" count="0"/>
        <line num="155" type="method" name="getPageLoadFactors" visibility="protected" complexity="2" crap="3.19" count="6"/>
        <line num="157" type="stmt" count="6"/>
        <line num="159" type="stmt" count="6"/>
        <line num="160" type="stmt" count="1"/>
        <line num="161" type="stmt" count="1"/>
        <line num="162" type="stmt" count="0"/>
        <line num="163" type="stmt" count="0"/>
        <line num="164" type="stmt" count="0"/>
        <line num="165" type="stmt" count="0"/>
        <line num="166" type="stmt" count="0"/>
        <line num="169" type="stmt" count="0"/>
        <line num="170" type="stmt" count="0"/>
        <line num="171" type="stmt" count="0"/>
        <line num="172" type="stmt" count="0"/>
        <line num="173" type="stmt" count="0"/>
        <line num="174" type="stmt" count="6"/>
        <line num="183" type="method" name="getSSLResponseCode" visibility="protected" complexity="2" crap="2.03" count="4"/>
        <line num="185" type="stmt" count="4"/>
        <line num="187" type="stmt" count="4"/>
        <line num="188" type="stmt" count="4"/>
        <line num="189" type="stmt" count="4"/>
        <line num="191" type="stmt" count="4"/>
        <line num="192" type="stmt" count="0"/>
        <line num="193" type="stmt" count="0"/>
        <line num="195" type="stmt" count="4"/>
        <line num="196" type="stmt" count="4"/>
        <line num="197" type="stmt" count="4"/>
        <line num="204" type="method" name="parse" visibility="public" complexity="4" crap="4" count="12"/>
        <line num="206" type="stmt" count="12"/>
        <line num="207" type="stmt" count="1"/>
        <line num="209" type="stmt" count="12"/>
        <line num="210" type="stmt" count="12"/>
        <line num="211" type="stmt" count="12"/>
        <line num="212" type="stmt" count="12"/>
        <line num="213" type="stmt" count="12"/>
        <line num="214" type="stmt" count="12"/>
        <line num="215" type="stmt" count="12"/>
        <line num="216" type="stmt" count="12"/>
        <line num="223" type="method" name="getMetrics" visibility="public" complexity="1" crap="1" count="12"/>
        <line num="225" type="stmt" count="12"/>
        <line num="227" type="stmt" count="12"/>
        <line num="236" type="method" name="setMetrics" visibility="public" complexity="1" crap="2" count="0"/>
        <line num="238" type="stmt" count="0"/>
        <line num="240" type="stmt" count="0"/>
        <line num="246" type="method" name="initializeFactors" visibility="private" complexity="5" crap="5" count="12"/>
        <line num="248" type="stmt" count="12"/>
        <line num="249" type="stmt" count="12"/>
        <line num="251" type="stmt" count="12"/>
        <line num="252" type="stmt" count="12"/>
        <line num="253" type="stmt" count="2"/>
        <line num="260" type="method" name="setUpContentFactors" visibility="public" complexity="1" crap="1" count="12"/>
        <line num="262" type="stmt" count="12"/>
        <line num="263" type="stmt" count="12"/>
        <line num="264" type="stmt" count="12"/>
        <line num="265" type="stmt" count="12"/>
        <line num="266" type="stmt" count="12"/>
        <line num="267" type="stmt" count="12"/>
        <line num="268" type="stmt" count="12"/>
        <line num="269" type="stmt" count="12"/>
        <line num="270" type="stmt" count="12"/>
        <line num="271" type="stmt" count="12"/>
        <line num="272" type="stmt" count="12"/>
        <line num="273" type="stmt" count="12"/>
        <line num="274" type="stmt" count="12"/>
        <line num="275" type="stmt" count="12"/>
        <line num="276" type="stmt" count="12"/>
        <line num="277" type="stmt" count="12"/>
        <line num="278" type="stmt" count="12"/>
        <line num="279" type="stmt" count="12"/>
        <line num="285" type="method" name="setUpContentKeywordFactors" visibility="public" complexity="1" crap="1" count="2"/>
        <line num="287" type="stmt" count="2"/>
        <line num="288" type="stmt" count="2"/>
        <line num="289" type="stmt" count="2"/>
        <line num="290" type="stmt" count="2"/>
        <line num="291" type="stmt" count="2"/>
        <line num="292" type="stmt" count="2"/>
        <line num="293" type="stmt" count="2"/>
        <line num="294" type="stmt" count="2"/>
        <line num="295" type="stmt" count="2"/>
        <line num="296" type="stmt" count="2"/>
        <line num="297" type="stmt" count="2"/>
        <line num="298" type="stmt" count="2"/>
        <line num="299" type="stmt" count="2"/>
        <line num="300" type="stmt" count="2"/>
        <line num="301" type="stmt" count="2"/>
        <line num="302" type="stmt" count="2"/>
        <line num="303" type="stmt" count="2"/>
        <line num="304" type="stmt" count="2"/>
        <line num="305" type="stmt" count="2"/>
        <line num="306" type="stmt" count="2"/>
        <line num="307" type="stmt" count="2"/>
        <line num="308" type="stmt" count="2"/>
        <line num="309" type="stmt" count="2"/>
        <line num="310" type="stmt" count="2"/>
        <line num="311" type="stmt" count="2"/>
        <line num="312" type="stmt" count="2"/>
        <line num="313" type="stmt" count="2"/>
        <line num="314" type="stmt" count="2"/>
        <line num="315" type="stmt" count="2"/>
        <line num="316" type="stmt" count="2"/>
        <line num="317" type="stmt" count="2"/>
        <line num="318" type="stmt" count="2"/>
        <line num="319" type="stmt" count="2"/>
        <line num="329" type="method" name="setUpMetrics" visibility="public" complexity="7" crap="7" count="12"/>
        <line num="331" type="stmt" count="12"/>
        <line num="332" type="stmt" count="12"/>
        <line num="333" type="stmt" count="12"/>
        <line num="334" type="stmt" count="12"/>
        <line num="335" type="stmt" count="12"/>
        <line num="336" type="stmt" count="12"/>
        <line num="338" type="stmt" count="12"/>
        <line num="339" type="stmt" count="12"/>
        <line num="340" type="stmt" count="12"/>
        <line num="344" type="stmt" count="12"/>
        <line num="347" type="method" name="setFactor" visibility="public" complexity="2" crap="2" count="14"/>
        <line num="349" type="stmt" count="14"/>
        <line num="350" type="stmt" count="14"/>
        <line num="352" type="stmt" count="13"/>
        <line num="355" type="stmt" count="14"/>
        <line num="365" type="method" name="setArrayByDot" visibility="protected" complexity="2" crap="2" count="14"/>
        <line num="367" type="stmt" count="14"/>
        <line num="368" type="stmt" count="14"/>
        <line num="369" type="stmt" count="14"/>
        <line num="372" type="stmt" count="14"/>
        <line num="378" type="method" name="setFactors" visibility="public" complexity="2" crap="2" count="12"/>
        <line num="380" type="stmt" count="12"/>
        <line num="381" type="stmt" count="12"/>
        <line num="389" type="method" name="getFactor" visibility="public" complexity="3" crap="3" count="14"/>
        <line num="391" type="stmt" count="14"/>
        <line num="392" type="stmt" count="14"/>
        <line num="394" type="stmt" count="13"/>
        <line num="395" type="stmt" count="13"/>
        <line num="398" type="stmt" count="12"/>
        <line num="405" type="method" name="getNestedFactor" visibility="protected" complexity="3" crap="3" count="14"/>
        <line num="407" type="stmt" count="14"/>
        <line num="408" type="stmt" count="14"/>
        <line num="409" type="stmt" count="14"/>
        <line num="410" type="stmt" count="14"/>
        <line num="411" type="stmt" count="14"/>
        <line num="413" type="stmt" count="14"/>
        <line num="416" type="stmt" count="14"/>
        <metrics loc="419" ncloc="314" classes="1" methods="18" coveredmethods="14" conditionals="0" coveredconditionals="0" statements="160" coveredstatements="145" elements="178" coveredelements="159"/>
      </file>
    </package>
    <package name="SeoAnalyzer\HttpClient">
      <file name="/Volumes/projects/seo-analyzer/src/HttpClient/Client.php">
        <class name="SeoAnalyzer\HttpClient\Client" namespace="SeoAnalyzer\HttpClient">
          <metrics complexity="3" methods="1" coveredmethods="1" conditionals="0" coveredconditionals="0" statements="5" coveredstatements="5" elements="6" coveredelements="6"/>
        </class>
        <line num="22" type="method" name="get" visibility="public" complexity="3" crap="3" count="1"/>
        <line num="24" type="stmt" count="1"/>
        <line num="25" type="stmt" count="1"/>
        <line num="29" type="stmt" count="1"/>
        <line num="30" type="stmt" count="1"/>
        <line num="31" type="stmt" count="1"/>
        <metrics loc="35" ncloc="35" classes="1" methods="1" coveredmethods="1" conditionals="0" coveredconditionals="0" statements="5" coveredstatements="5" elements="6" coveredelements="6"/>
      </file>
    </package>
    <file name="/Volumes/projects/seo-analyzer/src/HttpClient/ClientInterface.php">
      <metrics loc="18" ncloc="14" classes="0" methods="0" coveredmethods="0" conditionals="0" coveredconditionals="0" statements="0" coveredstatements="0" elements="0" coveredelements="0"/>
    </file>
    <package name="SeoAnalyzer\HttpClient\Exception">
      <file name="/Volumes/projects/seo-analyzer/src/HttpClient/Exception/HttpException.php">
        <class name="SeoAnalyzer\HttpClient\Exception\HttpException" namespace="SeoAnalyzer\HttpClient\Exception">
          <metrics complexity="0" methods="0" coveredmethods="0" conditionals="0" coveredconditionals="0" statements="0" coveredstatements="0" elements="0" coveredelements="0"/>
        </class>
        <metrics loc="12" ncloc="12" classes="0" methods="0" coveredmethods="0" conditionals="0" coveredconditionals="0" statements="0" coveredstatements="0" elements="0" coveredelements="0"/>
      </file>
    </package>
    <package name="SeoAnalyzer\Metric">
      <file name="/Volumes/projects/seo-analyzer/src/Metric/AbstractMetric.php">
        <class name="SeoAnalyzer\Metric\AbstractMetric" namespace="SeoAnalyzer\Metric">
          <metrics complexity="12" methods="4" coveredmethods="4" conditionals="0" coveredconditionals="0" statements="13" coveredstatements="13" elements="17" coveredelements="17"/>
        </class>
        <line num="33" type="method" name="__construct" visibility="public" complexity="5" crap="5" count="98"/>
        <line num="35" type="stmt" count="98"/>
        <line num="36" type="stmt" count="98"/>
        <line num="45" type="method" name="setUpResultsConditions" visibility="protected" complexity="2" crap="2" count="63"/>
        <line num="47" type="stmt" count="63"/>
        <line num="48" type="stmt" count="63"/>
        <line num="51" type="stmt" count="63"/>
        <line num="60" type="method" name="checkTheResults" visibility="protected" complexity="3" crap="3" count="62"/>
        <line num="62" type="stmt" count="62"/>
        <line num="63" type="stmt" count="62"/>
        <line num="64" type="stmt" count="49"/>
        <line num="66" type="stmt" count="49"/>
        <line num="70" type="stmt" count="19"/>
        <line num="73" type="method" name="isResultExpected" visibility="private" complexity="2" crap="2" count="62"/>
        <line num="75" type="stmt" count="62"/>
        <line num="76" type="stmt" count="2"/>
        <line num="79" type="stmt" count="60"/>
        <metrics loc="83" ncloc="63" classes="1" methods="4" coveredmethods="4" conditionals="0" coveredconditionals="0" statements="13" coveredstatements="13" elements="17" coveredelements="17"/>
      </file>
      <file name="/Volumes/projects/seo-analyzer/src/Metric/MetricFactory.php">
        <class name="SeoAnalyzer\Metric\MetricFactory" namespace="SeoAnalyzer\Metric">
          <metrics complexity="4" methods="1" coveredmethods="1" conditionals="0" coveredconditionals="0" statements="11" coveredstatements="11" elements="12" coveredelements="12"/>
        </class>
        <line num="15" type="method" name="get" visibility="public" complexity="4" crap="4" count="71"/>
        <line num="17" type="stmt" count="71"/>
        <line num="18" type="stmt" count="71"/>
        <line num="19" type="stmt" count="71"/>
        <line num="20" type="stmt" count="71"/>
        <line num="21" type="stmt" count="14"/>
        <line num="23" type="stmt" count="14"/>
        <line num="25" type="stmt" count="71"/>
        <line num="27" type="stmt" count="71"/>
        <line num="28" type="stmt" count="71"/>
        <line num="29" type="stmt" count="70"/>
        <line num="32" type="stmt" count="1"/>
        <metrics loc="35" ncloc="31" classes="1" methods="1" coveredmethods="1" conditionals="0" coveredconditionals="0" statements="11" coveredstatements="11" elements="12" coveredelements="12"/>
      </file>
    </package>
    <package name="SeoAnalyzer\Metric\File">
      <file name="/Volumes/projects/seo-analyzer/src/Metric/File/RobotsMetric.php">
        <class name="SeoAnalyzer\Metric\File\RobotsMetric" namespace="SeoAnalyzer\Metric\File">
          <metrics complexity="3" methods="1" coveredmethods="1" conditionals="0" coveredconditionals="0" statements="7" coveredstatements="7" elements="8" coveredelements="8"/>
        </class>
        <line num="16" type="method" name="analyze" visibility="public" complexity="3" crap="3" count="13"/>
        <line num="18" type="stmt" count="13"/>
        <line num="19" type="stmt" count="1"/>
        <line num="21" type="stmt" count="1"/>
        <line num="23" type="stmt" count="12"/>
        <line num="24" type="stmt" count="1"/>
        <line num="26" type="stmt" count="1"/>
        <line num="29" type="stmt" count="11"/>
        <metrics loc="32" ncloc="29" classes="1" methods="1" coveredmethods="1" conditionals="0" coveredconditionals="0" statements="7" coveredstatements="7" elements="8" coveredelements="8"/>
      </file>
      <file name="/Volumes/projects/seo-analyzer/src/Metric/File/SitemapMetric.php">
        <class name="SeoAnalyzer\Metric\File\SitemapMetric" namespace="SeoAnalyzer\Metric\File">
          <metrics complexity="2" methods="1" coveredmethods="1" conditionals="0" coveredconditionals="0" statements="4" coveredstatements="4" elements="5" coveredelements="5"/>
        </class>
        <line num="16" type="method" name="analyze" visibility="public" complexity="2" crap="2" count="12"/>
        <line num="18" type="stmt" count="12"/>
        <line num="19" type="stmt" count="1"/>
        <line num="21" type="stmt" count="1"/>
        <line num="24" type="stmt" count="11"/>
        <metrics loc="27" ncloc="24" classes="1" methods="1" coveredmethods="1" conditionals="0" coveredconditionals="0" statements="4" coveredstatements="4" elements="5" coveredelements="5"/>
      </file>
    </package>
    <file name="/Volumes/projects/seo-analyzer/src/Metric/KeywordBasedMetricInterface.php">
      <metrics loc="10" ncloc="10" classes="0" methods="0" coveredmethods="0" conditionals="0" coveredconditionals="0" statements="0" coveredstatements="0" elements="0" coveredelements="0"/>
    </file>
    <file name="/Volumes/projects/seo-analyzer/src/Metric/MetricInterface.php">
      <metrics loc="16" ncloc="11" classes="0" methods="0" coveredmethods="0" conditionals="0" coveredconditionals="0" statements="0" coveredstatements="0" elements="0" coveredelements="0"/>
    </file>
    <package name="SeoAnalyzer\Metric\Page">
      <file name="/Volumes/projects/seo-analyzer/src/Metric/Page/AbstractKeywordDensityMetric.php">
        <class name="SeoAnalyzer\Metric\Page\AbstractKeywordDensityMetric" namespace="SeoAnalyzer\Metric\Page">
          <metrics complexity="23" methods="6" coveredmethods="6" conditionals="0" coveredconditionals="0" statements="54" coveredstatements="54" elements="60" coveredelements="60"/>
        </class>
        <line num="16" type="method" name="__construct" visibility="public" complexity="6" crap="6" count="20"/>
        <line num="18" type="stmt" count="20"/>
        <line num="21" type="stmt" count="10"/>
        <line num="23" type="stmt" count="20"/>
        <line num="24" type="stmt" count="14"/>
        <line num="25" type="stmt" count="14"/>
        <line num="26" type="stmt" count="14"/>
        <line num="29" type="stmt" count="20"/>
        <line num="30" type="stmt" count="5"/>
        <line num="32" type="stmt" count="20"/>
        <line num="42" type="method" name="analyseKeywords" visibility="protected" complexity="3" crap="3" count="10"/>
        <line num="44" type="stmt" count="10"/>
        <line num="45" type="stmt" count="10"/>
        <line num="46" type="stmt" count="10"/>
        <line num="47" type="stmt" count="10"/>
        <line num="48" type="stmt" count="10"/>
        <line num="49" type="stmt" count="10"/>
        <line num="50" type="stmt" count="10"/>
        <line num="51" type="stmt" count="10"/>
        <line num="55" type="stmt" count="10"/>
        <line num="63" type="method" name="getWords" visibility="protected" complexity="1" crap="1" count="10"/>
        <line num="65" type="stmt" count="10"/>
        <line num="66" type="stmt" count="10"/>
        <line num="67" type="stmt" count="10"/>
        <line num="68" type="stmt" count="10"/>
        <line num="69" type="stmt" count="10"/>
        <line num="70" type="stmt" count="10"/>
        <line num="72" type="stmt" count="10"/>
        <line num="75" type="method" name="getKeywords" visibility="protected" complexity="5" crap="5" count="10"/>
        <line num="77" type="stmt" count="10"/>
        <line num="78" type="stmt" count="10"/>
        <line num="79" type="stmt" count="10"/>
        <line num="80" type="stmt" count="10"/>
        <line num="81" type="stmt" count="10"/>
        <line num="82" type="stmt" count="10"/>
        <line num="83" type="stmt" count="10"/>
        <line num="84" type="stmt" count="10"/>
        <line num="86" type="stmt" count="10"/>
        <line num="91" type="stmt" count="10"/>
        <line num="94" type="method" name="calculateKeywordsPercentage" visibility="protected" complexity="2" crap="2" count="10"/>
        <line num="96" type="stmt" count="10"/>
        <line num="97" type="stmt" count="10"/>
        <line num="98" type="stmt" count="10"/>
        <line num="99" type="stmt" count="10"/>
        <line num="100" type="stmt" count="10"/>
        <line num="101" type="stmt" count="10"/>
        <line num="102" type="stmt" count="10"/>
        <line num="103" type="stmt" count="10"/>
        <line num="106" type="stmt" count="10"/>
        <line num="114" type="method" name="getOverusedKeywords" visibility="protected" complexity="6" crap="6" count="10"/>
        <line num="116" type="stmt" count="10"/>
        <line num="117" type="stmt" count="10"/>
        <line num="118" type="stmt" count="10"/>
        <line num="119" type="stmt" count="10"/>
        <line num="120" type="stmt" count="10"/>
        <line num="121" type="stmt" count="10"/>
        <line num="122" type="stmt" count="5"/>
        <line num="124" type="stmt" count="10"/>
        <line num="125" type="stmt" count="5"/>
        <line num="131" type="stmt" count="10"/>
        <metrics loc="134" ncloc="115" classes="1" methods="6" coveredmethods="6" conditionals="0" coveredconditionals="0" statements="54" coveredstatements="54" elements="60" coveredelements="60"/>
      </file>
      <file name="/Volumes/projects/seo-analyzer/src/Metric/Page/AltsMetric.php">
        <class name="SeoAnalyzer\Metric\Page\AltsMetric" namespace="SeoAnalyzer\Metric\Page">
          <metrics complexity="6" methods="1" coveredmethods="1" conditionals="0" coveredconditionals="0" statements="16" coveredstatements="16" elements="17" coveredelements="17"/>
        </class>
        <line num="16" type="method" name="analyze" visibility="public" complexity="6" crap="6" count="14"/>
        <line num="18" type="stmt" count="14"/>
        <line num="19" type="stmt" count="5"/>
        <line num="21" type="stmt" count="9"/>
        <line num="22" type="stmt" count="9"/>
        <line num="23" type="stmt" count="9"/>
        <line num="25" type="stmt" count="9"/>
        <line num="26" type="stmt" count="1"/>
        <line num="27" type="stmt" count="1"/>
        <line num="29" type="stmt" count="1"/>
        <line num="30" type="stmt" count="8"/>
        <line num="31" type="stmt" count="1"/>
        <line num="32" type="stmt" count="1"/>
        <line num="34" type="stmt" count="1"/>
        <line num="36" type="stmt" count="7"/>
        <line num="38" type="stmt" count="7"/>
        <line num="41" type="stmt" count="9"/>
        <metrics loc="44" ncloc="41" classes="1" methods="1" coveredmethods="1" conditionals="0" coveredconditionals="0" statements="16" coveredstatements="16" elements="17" coveredelements="17"/>
      </file>
      <file name="/Volumes/projects/seo-analyzer/src/Metric/Page/HeadersKeywordDensityMetric.php">
        <class name="SeoAnalyzer\Metric\Page\HeadersKeywordDensityMetric" namespace="SeoAnalyzer\Metric\Page">
          <metrics complexity="8" methods="3" coveredmethods="3" conditionals="0" coveredconditionals="0" statements="20" coveredstatements="20" elements="23" coveredelements="23"/>
        </class>
        <line num="14" type="method" name="analyze" visibility="public" complexity="2" crap="2" count="5"/>
        <line num="16" type="stmt" count="5"/>
        <line num="17" type="stmt" count="2"/>
        <line num="18" type="stmt" count="2"/>
        <line num="20" type="stmt" count="2"/>
        <line num="23" type="stmt" count="3"/>
        <line num="29" type="method" name="getHeadersOverusedWords" visibility="protected" complexity="3" crap="3" count="5"/>
        <line num="31" type="stmt" count="5"/>
        <line num="32" type="stmt" count="5"/>
        <line num="33" type="stmt" count="5"/>
        <line num="34" type="stmt" count="5"/>
        <line num="35" type="stmt" count="5"/>
        <line num="39" type="stmt" count="5"/>
        <line num="45" type="method" name="getHeadersKeywords" visibility="protected" complexity="3" crap="3" count="5"/>
        <line num="47" type="stmt" count="5"/>
        <line num="48" type="stmt" count="5"/>
        <line num="49" type="stmt" count="5"/>
        <line num="50" type="stmt" count="5"/>
        <line num="51" type="stmt" count="5"/>
        <line num="52" type="stmt" count="5"/>
        <line num="53" type="stmt" count="5"/>
        <line num="54" type="stmt" count="5"/>
        <line num="58" type="stmt" count="5"/>
        <metrics loc="61" ncloc="52" classes="1" methods="3" coveredmethods="3" conditionals="0" coveredconditionals="0" statements="20" coveredstatements="20" elements="23" coveredelements="23"/>
      </file>
      <file name="/Volumes/projects/seo-analyzer/src/Metric/Page/HeadersMetric.php">
        <class name="SeoAnalyzer\Metric\Page\HeadersMetric" namespace="SeoAnalyzer\Metric\Page">
          <metrics complexity="11" methods="3" coveredmethods="3" conditionals="0" coveredconditionals="0" statements="19" coveredstatements="19" elements="22" coveredelements="22"/>
        </class>
        <line num="49" type="method" name="__construct" visibility="public" complexity="1" crap="1" count="38"/>
        <line num="51" type="stmt" count="38"/>
        <line num="52" type="stmt" count="38"/>
        <line num="58" type="method" name="analyze" visibility="public" complexity="1" crap="1" count="36"/>
        <line num="60" type="stmt" count="36"/>
        <line num="66" type="method" name="setUpResultsConditions" visibility="protected" complexity="9" crap="9" count="38"/>
        <line num="69" type="stmt" count="38"/>
        <line num="70" type="stmt" count="38"/>
        <line num="71" type="stmt" count="38"/>
        <line num="72" type="stmt" count="38"/>
        <line num="73" type="stmt" count="31"/>
        <line num="74" type="stmt" count="31"/>
        <line num="75" type="stmt" count="31"/>
        <line num="76" type="stmt" count="31"/>
        <line num="77" type="stmt" count="31"/>
        <line num="78" type="stmt" count="31"/>
        <line num="79" type="stmt" count="31"/>
        <line num="80" type="stmt" count="26"/>
        <line num="81" type="stmt" count="26"/>
        <line num="82" type="stmt" count="26"/>
        <line num="83" type="stmt" count="26"/>
        <line num="87" type="stmt" count="38"/>
        <metrics loc="90" ncloc="84" classes="1" methods="3" coveredmethods="3" conditionals="0" coveredconditionals="0" statements="19" coveredstatements="19" elements="22" coveredelements="22"/>
      </file>
      <file name="/Volumes/projects/seo-analyzer/src/Metric/Page/KeywordDensityMetric.php">
        <class name="SeoAnalyzer\Metric\Page\KeywordDensityMetric" namespace="SeoAnalyzer\Metric\Page">
          <metrics complexity="9" methods="3" coveredmethods="3" conditionals="0" coveredconditionals="0" statements="27" coveredstatements="27" elements="30" coveredelements="30"/>
        </class>
        <line num="17" type="method" name="analyze" visibility="public" complexity="3" crap="3" count="7"/>
        <line num="19" type="stmt" count="7"/>
        <line num="20" type="stmt" count="7"/>
        <line num="21" type="stmt" count="7"/>
        <line num="22" type="stmt" count="7"/>
        <line num="23" type="stmt" count="7"/>
        <line num="24" type="stmt" count="5"/>
        <line num="26" type="stmt" count="2"/>
        <line num="27" type="stmt" count="1"/>
        <line num="28" type="stmt" count="1"/>
        <line num="30" type="stmt" count="1"/>
        <line num="33" type="stmt" count="1"/>
        <line num="36" type="method" name="analyzeWithKeyword" visibility="protected" complexity="5" crap="5" count="5"/>
        <line num="38" type="stmt" count="5"/>
        <line num="39" type="stmt" count="5"/>
        <line num="40" type="stmt" count="5"/>
        <line num="41" type="stmt" count="5"/>
        <line num="42" type="stmt" count="5"/>
        <line num="43" type="stmt" count="5"/>
        <line num="44" type="stmt" count="5"/>
        <line num="45" type="stmt" count="2"/>
        <line num="46" type="stmt" count="1"/>
        <line num="48" type="stmt" count="1"/>
        <line num="50" type="stmt" count="1"/>
        <line num="53" type="stmt" count="4"/>
        <line num="54" type="stmt" count="3"/>
        <line num="56" type="stmt" count="3"/>
        <line num="59" type="stmt" count="1"/>
        <line num="62" type="method" name="getPhrases" visibility="private" complexity="1" crap="1" count="5"/>
        <line num="64" type="stmt" count="5"/>
        <metrics loc="67" ncloc="64" classes="1" methods="3" coveredmethods="3" conditionals="0" coveredconditionals="0" statements="27" coveredstatements="27" elements="30" coveredelements="30"/>
      </file>
      <file name="/Volumes/projects/seo-analyzer/src/Metric/Page/KeywordMetric.php">
        <class name="SeoAnalyzer\Metric\Page\KeywordMetric" namespace="SeoAnalyzer\Metric\Page">
          <metrics complexity="2" methods="1" coveredmethods="1" conditionals="0" coveredconditionals="0" statements="5" coveredstatements="5" elements="6" coveredelements="6"/>
        </class>
        <line num="17" type="method" name="analyze" visibility="public" complexity="2" crap="2" count="4"/>
        <line num="19" type="stmt" count="4"/>
        <line num="20" type="stmt" count="4"/>
        <line num="21" type="stmt" count="3"/>
        <line num="23" type="stmt" count="3"/>
        <line num="26" type="stmt" count="1"/>
        <metrics loc="29" ncloc="26" classes="1" methods="1" coveredmethods="1" conditionals="0" coveredconditionals="0" statements="5" coveredstatements="5" elements="6" coveredelements="6"/>
      </file>
      <file name="/Volumes/projects/seo-analyzer/src/Metric/Page/LoadTimeMetric.php">
        <class name="SeoAnalyzer\Metric\Page\LoadTimeMetric" namespace="SeoAnalyzer\Metric\Page">
          <metrics complexity="5" methods="1" coveredmethods="1" conditionals="0" coveredconditionals="0" statements="14" coveredstatements="14" elements="15" coveredelements="15"/>
        </class>
        <line num="16" type="method" name="analyze" visibility="public" complexity="5" crap="5" count="13"/>
        <line num="18" type="stmt" count="13"/>
        <line num="19" type="stmt" count="7"/>
        <line num="21" type="stmt" count="6"/>
        <line num="23" type="stmt" count="6"/>
        <line num="24" type="stmt" count="1"/>
        <line num="25" type="stmt" count="1"/>
        <line num="27" type="stmt" count="1"/>
        <line num="28" type="stmt" count="5"/>
        <line num="29" type="stmt" count="1"/>
        <line num="30" type="stmt" count="1"/>
        <line num="32" type="stmt" count="1"/>
        <line num="34" type="stmt" count="4"/>
        <line num="36" type="stmt" count="4"/>
        <line num="39" type="stmt" count="6"/>
        <metrics loc="42" ncloc="39" classes="1" methods="1" coveredmethods="1" conditionals="0" coveredconditionals="0" statements="14" coveredstatements="14" elements="15" coveredelements="15"/>
      </file>
      <file name="/Volumes/projects/seo-analyzer/src/Metric/Page/MetaMetric.php">
        <class name="SeoAnalyzer\Metric\Page\MetaMetric" namespace="SeoAnalyzer\Metric\Page">
          <metrics complexity="11" methods="5" coveredmethods="5" conditionals="0" coveredconditionals="0" statements="13" coveredstatements="13" elements="18" coveredelements="18"/>
        </class>
        <line num="36" type="method" name="__construct" visibility="public" complexity="1" crap="1" count="19"/>
        <line num="38" type="stmt" count="19"/>
        <line num="39" type="stmt" count="19"/>
        <line num="45" type="method" name="analyze" visibility="public" complexity="1" crap="1" count="17"/>
        <line num="47" type="stmt" count="17"/>
        <line num="53" type="method" name="setUpResultsConditions" visibility="protected" complexity="3" crap="3" count="19"/>
        <line num="56" type="stmt" count="19"/>
        <line num="57" type="stmt" count="19"/>
        <line num="58" type="stmt" count="1"/>
        <line num="60" type="stmt" count="18"/>
        <line num="62" type="stmt" count="18"/>
        <line num="65" type="method" name="checkTitleTag" visibility="private" complexity="3" crap="3" count="18"/>
        <line num="67" type="stmt" count="18"/>
        <line num="68" type="stmt" count="18"/>
        <line num="71" type="method" name="checkMetaDescriptionTag" visibility="private" complexity="3" crap="3" count="18"/>
        <line num="73" type="stmt" count="18"/>
        <line num="74" type="stmt" count="18"/>
        <line num="75" type="stmt" count="18"/>
        <metrics loc="78" ncloc="72" classes="1" methods="5" coveredmethods="5" conditionals="0" coveredconditionals="0" statements="13" coveredstatements="13" elements="18" coveredelements="18"/>
      </file>
      <file name="/Volumes/projects/seo-analyzer/src/Metric/Page/RedirectMetric.php">
        <class name="SeoAnalyzer\Metric\Page\RedirectMetric" namespace="SeoAnalyzer\Metric\Page">
          <metrics complexity="2" methods="1" coveredmethods="1" conditionals="0" coveredconditionals="0" statements="4" coveredstatements="4" elements="5" coveredelements="5"/>
        </class>
        <line num="16" type="method" name="analyze" visibility="public" complexity="2" crap="2" count="12"/>
        <line num="18" type="stmt" count="12"/>
        <line num="19" type="stmt" count="4"/>
        <line num="21" type="stmt" count="4"/>
        <line num="24" type="stmt" count="8"/>
        <metrics loc="27" ncloc="24" classes="1" methods="1" coveredmethods="1" conditionals="0" coveredconditionals="0" statements="4" coveredstatements="4" elements="5" coveredelements="5"/>
      </file>
      <file name="/Volumes/projects/seo-analyzer/src/Metric/Page/SSLMetric.php">
        <class name="SeoAnalyzer\Metric\Page\SSLMetric" namespace="SeoAnalyzer\Metric\Page">
          <metrics complexity="2" methods="1" coveredmethods="1" conditionals="0" coveredconditionals="0" statements="4" coveredstatements="4" elements="5" coveredelements="5"/>
        </class>
        <line num="16" type="method" name="analyze" visibility="public" complexity="2" crap="2" count="12"/>
        <line num="18" type="stmt" count="12"/>
        <line num="19" type="stmt" count="11"/>
        <line num="21" type="stmt" count="11"/>
        <line num="24" type="stmt" count="1"/>
        <metrics loc="27" ncloc="24" classes="1" methods="1" coveredmethods="1" conditionals="0" coveredconditionals="0" statements="4" coveredstatements="4" elements="5" coveredelements="5"/>
      </file>
    </package>
    <package name="SeoAnalyzer\Metric\Page\Content">
      <file name="/Volumes/projects/seo-analyzer/src/Metric/Page/Content/RatioMetric.php">
        <class name="SeoAnalyzer\Metric\Page\Content\RatioMetric" namespace="SeoAnalyzer\Metric\Page\Content">
          <metrics complexity="5" methods="2" coveredmethods="2" conditionals="0" coveredconditionals="0" statements="11" coveredstatements="11" elements="13" coveredelements="13"/>
        </class>
        <line num="13" type="method" name="__construct" visibility="public" complexity="2" crap="2" count="16"/>
        <line num="15" type="stmt" count="16"/>
        <line num="16" type="stmt" count="16"/>
        <line num="17" type="stmt" count="15"/>
        <line num="19" type="stmt" count="16"/>
        <line num="25" type="method" name="analyze" visibility="public" complexity="3" crap="3" count="14"/>
        <line num="27" type="stmt" count="14"/>
        <line num="28" type="stmt" count="5"/>
        <line num="30" type="stmt" count="5"/>
        <line num="32" type="stmt" count="9"/>
        <line num="33" type="stmt" count="1"/>
        <line num="35" type="stmt" count="1"/>
        <line num="38" type="stmt" count="8"/>
        <metrics loc="41" ncloc="38" classes="1" methods="2" coveredmethods="2" conditionals="0" coveredconditionals="0" statements="11" coveredstatements="11" elements="13" coveredelements="13"/>
      </file>
      <file name="/Volumes/projects/seo-analyzer/src/Metric/Page/Content/SizeMetric.php">
        <class name="SeoAnalyzer\Metric\Page\Content\SizeMetric" namespace="SeoAnalyzer\Metric\Page\Content">
          <metrics complexity="2" methods="2" coveredmethods="2" conditionals="0" coveredconditionals="0" statements="9" coveredstatements="9" elements="11" coveredelements="11"/>
        </class>
        <line num="32" type="method" name="__construct" visibility="public" complexity="1" crap="1" count="25"/>
        <line num="34" type="stmt" count="25"/>
        <line num="35" type="stmt" count="25"/>
        <line num="36" type="stmt" count="25"/>
        <line num="37" type="stmt" count="25"/>
        <line num="38" type="stmt" count="25"/>
        <line num="39" type="stmt" count="25"/>
        <line num="40" type="stmt" count="25"/>
        <line num="41" type="stmt" count="25"/>
        <line num="47" type="method" name="analyze" visibility="public" complexity="1" crap="1" count="22"/>
        <line num="49" type="stmt" count="22"/>
        <metrics loc="52" ncloc="49" classes="1" methods="2" coveredmethods="2" conditionals="0" coveredconditionals="0" statements="9" coveredstatements="9" elements="11" coveredelements="11"/>
      </file>
    </package>
    <package name="SeoAnalyzer\Metric\Page\Keyword">
      <file name="/Volumes/projects/seo-analyzer/src/Metric/Page/Keyword/HeadersMetric.php">
        <class name="SeoAnalyzer\Metric\Page\Keyword\HeadersMetric" namespace="SeoAnalyzer\Metric\Page\Keyword">
          <metrics complexity="8" methods="4" coveredmethods="4" conditionals="0" coveredconditionals="0" statements="15" coveredstatements="15" elements="19" coveredelements="19"/>
        </class>
        <line num="25" type="method" name="__construct" visibility="public" complexity="1" crap="1" count="17"/>
        <line num="27" type="stmt" count="17"/>
        <line num="28" type="stmt" count="17"/>
        <line num="34" type="method" name="analyze" visibility="public" complexity="1" crap="1" count="7"/>
        <line num="36" type="stmt" count="7"/>
        <line num="42" type="method" name="setUpResultsConditions" visibility="protected" complexity="1" crap="1" count="17"/>
        <line num="45" type="stmt" count="17"/>
        <line num="46" type="stmt" count="17"/>
        <line num="47" type="stmt" count="17"/>
        <line num="48" type="stmt" count="17"/>
        <line num="50" type="stmt" count="17"/>
        <line num="56" type="method" name="isKeywordMissingInHeaders" visibility="private" complexity="5" crap="5" count="17"/>
        <line num="58" type="stmt" count="17"/>
        <line num="59" type="stmt" count="12"/>
        <line num="61" type="stmt" count="6"/>
        <line num="62" type="stmt" count="6"/>
        <line num="63" type="stmt" count="6"/>
        <line num="64" type="stmt" count="3"/>
        <line num="68" type="stmt" count="6"/>
        <metrics loc="71" ncloc="62" classes="1" methods="4" coveredmethods="4" conditionals="0" coveredconditionals="0" statements="15" coveredstatements="15" elements="19" coveredelements="19"/>
      </file>
    </package>
    <package name="SeoAnalyzer\Metric\Page\Url">
      <file name="/Volumes/projects/seo-analyzer/src/Metric/Page/Url/LengthMetric.php">
        <class name="SeoAnalyzer\Metric\Page\Url\LengthMetric" namespace="SeoAnalyzer\Metric\Page\Url">
          <metrics complexity="3" methods="1" coveredmethods="1" conditionals="0" coveredconditionals="0" statements="7" coveredstatements="7" elements="8" coveredelements="8"/>
        </class>
        <line num="16" type="method" name="analyze" visibility="public" complexity="3" crap="3" count="13"/>
        <line num="18" type="stmt" count="13"/>
        <line num="19" type="stmt" count="1"/>
        <line num="21" type="stmt" count="1"/>
        <line num="23" type="stmt" count="12"/>
        <line num="24" type="stmt" count="1"/>
        <line num="26" type="stmt" count="1"/>
        <line num="29" type="stmt" count="11"/>
        <metrics loc="32" ncloc="29" classes="1" methods="1" coveredmethods="1" conditionals="0" coveredconditionals="0" statements="7" coveredstatements="7" elements="8" coveredelements="8"/>
      </file>
    </package>
    <package name="SeoAnalyzer\Parser">
      <file name="/Volumes/projects/seo-analyzer/src/Parser/AbstractParser.php">
        <class name="SeoAnalyzer\Parser\AbstractParser" namespace="SeoAnalyzer\Parser">
          <metrics complexity="9" methods="4" coveredmethods="4" conditionals="0" coveredconditionals="0" statements="12" coveredstatements="12" elements="16" coveredelements="16"/>
        </class>
        <line num="15" type="method" name="__construct" visibility="public" complexity="4" crap="4" count="20"/>
        <line num="17" type="stmt" count="20"/>
        <line num="18" type="stmt" count="20"/>
        <line num="19" type="stmt" count="6"/>
        <line num="23" type="method" name="setContent" visibility="public" complexity="1" crap="1" count="18"/>
        <line num="25" type="stmt" count="18"/>
        <line num="26" type="stmt" count="18"/>
        <line num="27" type="stmt" count="18"/>
        <line num="30" type="method" name="removeTags" visibility="protected" complexity="3" crap="3" count="13"/>
        <line num="32" type="stmt" count="13"/>
        <line num="33" type="stmt" count="13"/>
        <line num="34" type="stmt" count="8"/>
        <line num="36" type="stmt" count="13"/>
        <line num="37" type="stmt" count="8"/>
        <line num="41" type="method" name="getDomElements" visibility="protected" complexity="1" crap="1" count="18"/>
        <line num="43" type="stmt" count="18"/>
        <metrics loc="46" ncloc="46" classes="1" methods="4" coveredmethods="4" conditionals="0" coveredconditionals="0" statements="12" coveredstatements="12" elements="16" coveredelements="16"/>
      </file>
      <file name="/Volumes/projects/seo-analyzer/src/Parser/ExampleCustomParser.php">
        <class name="SeoAnalyzer\Parser\ExampleCustomParser" namespace="SeoAnalyzer\Parser">
          <metrics complexity="3" methods="1" coveredmethods="1" conditionals="0" coveredconditionals="0" statements="8" coveredstatements="8" elements="9" coveredelements="9"/>
        </class>
        <line num="12" type="method" name="getAlts" visibility="public" complexity="3" crap="3" count="1"/>
        <line num="15" type="stmt" count="1"/>
        <line num="16" type="stmt" count="1"/>
        <line num="17" type="stmt" count="1"/>
        <line num="18" type="stmt" count="1"/>
        <line num="19" type="stmt" count="1"/>
        <line num="20" type="stmt" count="1"/>
        <line num="21" type="stmt" count="1"/>
        <line num="25" type="stmt" count="1"/>
        <metrics loc="28" ncloc="25" classes="1" methods="1" coveredmethods="1" conditionals="0" coveredconditionals="0" statements="8" coveredstatements="8" elements="9" coveredelements="9"/>
      </file>
      <file name="/Volumes/projects/seo-analyzer/src/Parser/Parser.php">
        <class name="SeoAnalyzer\Parser\Parser" namespace="SeoAnalyzer\Parser">
          <metrics complexity="11" methods="5" coveredmethods="5" conditionals="0" coveredconditionals="0" statements="21" coveredstatements="21" elements="26" coveredelements="26"/>
        </class>
        <line num="12" type="method" name="getMeta" visibility="public" complexity="2" crap="2" count="13"/>
        <line num="14" type="stmt" count="13"/>
        <line num="15" type="stmt" count="13"/>
        <line num="16" type="stmt" count="8"/>
        <line num="19" type="stmt" count="13"/>
        <line num="25" type="method" name="getHeaders" visibility="public" complexity="3" crap="3" count="13"/>
        <line num="27" type="stmt" count="13"/>
        <line num="28" type="stmt" count="13"/>
        <line num="29" type="stmt" count="13"/>
        <line num="30" type="stmt" count="8"/>
        <line num="34" type="stmt" count="13"/>
        <line num="40" type="method" name="getTitle" visibility="public" complexity="2" crap="2" count="13"/>
        <line num="42" type="stmt" count="13"/>
        <line num="43" type="stmt" count="8"/>
        <line num="46" type="stmt" count="5"/>
        <line num="52" type="method" name="getAlts" visibility="public" complexity="3" crap="3" count="13"/>
        <line num="54" type="stmt" count="13"/>
        <line num="55" type="stmt" count="13"/>
        <line num="56" type="stmt" count="8"/>
        <line num="57" type="stmt" count="8"/>
        <line num="61" type="stmt" count="13"/>
        <line num="67" type="method" name="getText" visibility="public" complexity="1" crap="1" count="13"/>
        <line num="69" type="stmt" count="13"/>
        <line num="70" type="stmt" count="13"/>
        <line num="71" type="stmt" count="13"/>
        <line num="73" type="stmt" count="13"/>
        <metrics loc="76" ncloc="61" classes="1" methods="5" coveredmethods="5" conditionals="0" coveredconditionals="0" statements="21" coveredstatements="21" elements="26" coveredelements="26"/>
      </file>
    </package>
    <file name="/Volumes/projects/seo-analyzer/src/Parser/ParserInterface.php">
      <metrics loc="51" ncloc="21" classes="0" methods="0" coveredmethods="0" conditionals="0" coveredconditionals="0" statements="0" coveredstatements="0" elements="0" coveredelements="0"/>
    </file>
    <metrics files="31" loc="2023" ncloc="1687" classes="25" methods="84" coveredmethods="77" conditionals="0" coveredconditionals="0" statements="543" coveredstatements="516" elements="627" coveredelements="593"/>
  </project>
</coverage>
